<?xml version="1.0" encoding="UTF-8"?>
<testsuite name="one.digitalinnovation.junit.AssumptionsTeste" tests="1" skipped="1" failures="0" errors="0" timestamp="2022-10-17T05:34:42" hostname="DESKTOP-CR63EUI" time="0.025">
  <properties/>
  <testcase name="validarAlgoSomenteNoUsuarioPedro()" classname="one.digitalinnovation.junit.AssumptionsTeste" time="0.025">
    <skipped/>
  </testcase>
  <system-out><![CDATA[]]></system-out>
  <system-err><![CDATA[]]></system-err>
</testsuite>
