<?xml version="1.0" encoding="UTF-8"?>
<testsuite name="one.digitalinnovation.junit.AssertionsTeste" tests="2" skipped="0" failures="0" errors="0" timestamp="2022-10-13T05:53:45" hostname="DESKTOP-CR63EUI" time="0.04">
  <properties/>
  <testcase name="validarLancamentos()" classname="one.digitalinnovation.junit.AssertionsTeste" time="0.028"/>
  <testcase name="validarSeObjetoEstaNulo()" classname="one.digitalinnovation.junit.AssertionsTeste" time="0.011"/>
  <system-out><![CDATA[]]></system-out>
  <system-err><![CDATA[]]></system-err>
</testsuite>
