<?xml version="1.0" encoding="UTF-8"?>
<testsuite name="one.digitalinnovation.junit.ConsultarDadosDePessoaTest" tests="2" skipped="0" failures="0" errors="0" timestamp="2022-10-17T05:24:31" hostname="DESKTOP-CR63EUI" time="0.033">
  <properties/>
  <testcase name="validarDadosDeRetorno()" classname="one.digitalinnovation.junit.ConsultarDadosDePessoaTest" time="0.029"/>
  <testcase name="validarDadosDeRetorno2()" classname="one.digitalinnovation.junit.ConsultarDadosDePessoaTest" time="0.002"/>
  <system-out><![CDATA[]]></system-out>
  <system-err><![CDATA[out. 17, 2022 2:24:31 AM one.digitalinnovation.junit.BancoDeDados iniciarConexao
INFO: Iniciou conexÃ£o
out. 17, 2022 2:24:31 AM one.digitalinnovation.junit.BancoDeDados insereDados
INFO: Inseriu dados
out. 17, 2022 2:24:31 AM one.digitalinnovation.junit.BancoDeDados finalizarConexao
INFO: Finalizou conexÃ£o
out. 17, 2022 2:24:31 AM one.digitalinnovation.junit.BancoDeDados removeDados
INFO: Removeu dados
]]></system-err>
</testsuite>
